This file contains any messages produced by compilers while
running configure, to aid debugging if configure makes a mistake.

It was created by pavucontrol configure 1.0, which was
generated by GNU Autoconf 2.68.  Invocation command line was

  $ ./configure 

## --------- ##
## Platform. ##
## --------- ##

hostname = karan-HP-Pavilion-dm4-Notebook-PC
uname -m = x86_64
uname -r = 3.5.0-17-generic
uname -s = Linux
uname -v = #28-Ubuntu SMP Tue Oct 9 19:31:23 UTC 2012

/usr/bin/uname -p = unknown
/bin/uname -X     = unknown

/bin/arch              = unknown
/usr/bin/arch -k       = unknown
/usr/convex/getsysinfo = unknown
/usr/bin/hostinfo      = unknown
/bin/machine           = unknown
/usr/bin/oslevel       = unknown
/bin/universe          = unknown

PATH: /usr/local/sbin
PATH: /usr/local/bin
PATH: /usr/sbin
PATH: /usr/bin
PATH: /sbin
PATH: /bin
PATH: /usr/games
PATH: /usr/local/games


## ----------- ##
## Core tests. ##
## ----------- ##

configure:2291: checking for a BSD-compatible install
configure:2359: result: /usr/bin/install -c
configure:2370: checking whether build environment is sane
configure:2420: result: yes
configure:2561: checking for a thread-safe mkdir -p
configure:2600: result: /bin/mkdir -p
configure:2613: checking for gawk
configure:2629: found /usr/bin/gawk
configure:2640: result: gawk
configure:2651: checking whether make sets $(MAKE)
configure:2673: result: yes
configure:2748: checking how to create a ustar tar archive
configure:2761: tar --version
tar (GNU tar) 1.26
Copyright (C) 2011 Free Software Foundation, Inc.
License GPLv3+: GNU GPL version 3 or later <http://gnu.org/licenses/gpl.html>.
This is free software: you are free to change and redistribute it.
There is NO WARRANTY, to the extent permitted by law.

Written by John Gilmore and Jay Fenlason.
configure:2764: $? = 0
configure:2804: tardir=conftest.dir && eval tar --format=ustar -chf - "$tardir" >conftest.tar
configure:2807: $? = 0
configure:2811: tar -xf - <conftest.tar
configure:2814: $? = 0
configure:2827: result: gnutar
configure:2903: checking for g++
configure:2919: found /usr/bin/g++
configure:2930: result: g++
configure:2957: checking for C++ compiler version
configure:2966: g++ --version >&5
g++ (Ubuntu/Linaro 4.7.2-2ubuntu1) 4.7.2
Copyright (C) 2012 Free Software Foundation, Inc.
This is free software; see the source for copying conditions.  There is NO
warranty; not even for MERCHANTABILITY or FITNESS FOR A PARTICULAR PURPOSE.

configure:2977: $? = 0
configure:2966: g++ -v >&5
Using built-in specs.
COLLECT_GCC=g++
COLLECT_LTO_WRAPPER=/usr/lib/gcc/x86_64-linux-gnu/4.7/lto-wrapper
Target: x86_64-linux-gnu
Configured with: ../src/configure -v --with-pkgversion='Ubuntu/Linaro 4.7.2-2ubuntu1' --with-bugurl=file:///usr/share/doc/gcc-4.7/README.Bugs --enable-languages=c,c++,go,fortran,objc,obj-c++ --prefix=/usr --program-suffix=-4.7 --enable-shared --enable-linker-build-id --with-system-zlib --libexecdir=/usr/lib --without-included-gettext --enable-threads=posix --with-gxx-include-dir=/usr/include/c++/4.7 --libdir=/usr/lib --enable-nls --with-sysroot=/ --enable-clocale=gnu --enable-libstdcxx-debug --enable-libstdcxx-time=yes --enable-gnu-unique-object --enable-plugin --enable-objc-gc --disable-werror --with-arch-32=i686 --with-tune=generic --enable-checking=release --build=x86_64-linux-gnu --host=x86_64-linux-gnu --target=x86_64-linux-gnu
Thread model: posix
gcc version 4.7.2 (Ubuntu/Linaro 4.7.2-2ubuntu1) 
configure:2977: $? = 0
configure:2966: g++ -V >&5
g++: error: unrecognized command line option '-V'
g++: fatal error: no input files
compilation terminated.
configure:2977: $? = 4
configure:2966: g++ -qversion >&5
g++: error: unrecognized command line option '-qversion'
g++: fatal error: no input files
compilation terminated.
configure:2977: $? = 4
configure:2997: checking whether the C++ compiler works
configure:3019: g++    conftest.cpp  >&5
configure:3023: $? = 0
configure:3071: result: yes
configure:3074: checking for C++ compiler default output file name
configure:3076: result: a.out
configure:3082: checking for suffix of executables
configure:3089: g++ -o conftest    conftest.cpp  >&5
configure:3093: $? = 0
configure:3115: result: 
configure:3137: checking whether we are cross compiling
configure:3145: g++ -o conftest    conftest.cpp  >&5
configure:3149: $? = 0
configure:3156: ./conftest
configure:3160: $? = 0
configure:3175: result: no
configure:3180: checking for suffix of object files
configure:3202: g++ -c   conftest.cpp >&5
configure:3206: $? = 0
configure:3227: result: o
configure:3231: checking whether we are using the GNU C++ compiler
configure:3250: g++ -c   conftest.cpp >&5
configure:3250: $? = 0
configure:3259: result: yes
configure:3268: checking whether g++ accepts -g
configure:3288: g++ -c -g  conftest.cpp >&5
configure:3288: $? = 0
configure:3329: result: yes
configure:3363: checking for style of include used by make
configure:3391: result: GNU
configure:3416: checking dependency style of g++
configure:3526: result: gcc3
configure:3589: checking for gcc
configure:3605: found /usr/bin/gcc
configure:3616: result: gcc
configure:3845: checking for C compiler version
configure:3854: gcc --version >&5
gcc (Ubuntu/Linaro 4.7.2-2ubuntu1) 4.7.2
Copyright (C) 2012 Free Software Foundation, Inc.
This is free software; see the source for copying conditions.  There is NO
warranty; not even for MERCHANTABILITY or FITNESS FOR A PARTICULAR PURPOSE.

configure:3865: $? = 0
configure:3854: gcc -v >&5
Using built-in specs.
COLLECT_GCC=gcc
COLLECT_LTO_WRAPPER=/usr/lib/gcc/x86_64-linux-gnu/4.7/lto-wrapper
Target: x86_64-linux-gnu
Configured with: ../src/configure -v --with-pkgversion='Ubuntu/Linaro 4.7.2-2ubuntu1' --with-bugurl=file:///usr/share/doc/gcc-4.7/README.Bugs --enable-languages=c,c++,go,fortran,objc,obj-c++ --prefix=/usr --program-suffix=-4.7 --enable-shared --enable-linker-build-id --with-system-zlib --libexecdir=/usr/lib --without-included-gettext --enable-threads=posix --with-gxx-include-dir=/usr/include/c++/4.7 --libdir=/usr/lib --enable-nls --with-sysroot=/ --enable-clocale=gnu --enable-libstdcxx-debug --enable-libstdcxx-time=yes --enable-gnu-unique-object --enable-plugin --enable-objc-gc --disable-werror --with-arch-32=i686 --with-tune=generic --enable-checking=release --build=x86_64-linux-gnu --host=x86_64-linux-gnu --target=x86_64-linux-gnu
Thread model: posix
gcc version 4.7.2 (Ubuntu/Linaro 4.7.2-2ubuntu1) 
configure:3865: $? = 0
configure:3854: gcc -V >&5
gcc: error: unrecognized command line option '-V'
gcc: fatal error: no input files
compilation terminated.
configure:3865: $? = 4
configure:3854: gcc -qversion >&5
gcc: error: unrecognized command line option '-qversion'
gcc: fatal error: no input files
compilation terminated.
configure:3865: $? = 4
configure:3869: checking whether we are using the GNU C compiler
configure:3888: gcc -c   conftest.c >&5
configure:3888: $? = 0
configure:3897: result: yes
configure:3906: checking whether gcc accepts -g
configure:3926: gcc -c -g  conftest.c >&5
configure:3926: $? = 0
configure:3967: result: yes
configure:3984: checking for gcc option to accept ISO C89
configure:4048: gcc  -c -g -O2  conftest.c >&5
configure:4048: $? = 0
configure:4061: result: none needed
configure:4083: checking dependency style of gcc
configure:4193: result: gcc3
configure:4208: checking whether ln -s works
configure:4212: result: yes
configure:4220: checking return type of signal handlers
configure:4238: gcc -c -g -O2  conftest.c >&5
conftest.c: In function 'main':
conftest.c:17:1: error: void value not ignored as it ought to be
configure:4238: $? = 1
configure: failed program was:
| /* confdefs.h */
| #define PACKAGE_NAME "pavucontrol"
| #define PACKAGE_TARNAME "pavucontrol"
| #define PACKAGE_VERSION "1.0"
| #define PACKAGE_STRING "pavucontrol 1.0"
| #define PACKAGE_BUGREPORT "mzcnihpbageby (at) 0pointer (dot) de"
| #define PACKAGE_URL ""
| #define PACKAGE "pavucontrol"
| #define VERSION "1.0"
| /* end confdefs.h.  */
| #include <sys/types.h>
| #include <signal.h>
| 
| int
| main ()
| {
| return *(signal (0, 0)) (0) == 1;
|   ;
|   return 0;
| }
configure:4245: result: void
configure:4258: checking how to run the C preprocessor
configure:4289: gcc -E  conftest.c
configure:4289: $? = 0
configure:4303: gcc -E  conftest.c
conftest.c:12:28: fatal error: ac_nonexistent.h: No such file or directory
compilation terminated.
configure:4303: $? = 1
configure: failed program was:
| /* confdefs.h */
| #define PACKAGE_NAME "pavucontrol"
| #define PACKAGE_TARNAME "pavucontrol"
| #define PACKAGE_VERSION "1.0"
| #define PACKAGE_STRING "pavucontrol 1.0"
| #define PACKAGE_BUGREPORT "mzcnihpbageby (at) 0pointer (dot) de"
| #define PACKAGE_URL ""
| #define PACKAGE "pavucontrol"
| #define VERSION "1.0"
| #define RETSIGTYPE void
| /* end confdefs.h.  */
| #include <ac_nonexistent.h>
configure:4328: result: gcc -E
configure:4348: gcc -E  conftest.c
configure:4348: $? = 0
configure:4362: gcc -E  conftest.c
conftest.c:12:28: fatal error: ac_nonexistent.h: No such file or directory
compilation terminated.
configure:4362: $? = 1
configure: failed program was:
| /* confdefs.h */
| #define PACKAGE_NAME "pavucontrol"
| #define PACKAGE_TARNAME "pavucontrol"
| #define PACKAGE_VERSION "1.0"
| #define PACKAGE_STRING "pavucontrol 1.0"
| #define PACKAGE_BUGREPORT "mzcnihpbageby (at) 0pointer (dot) de"
| #define PACKAGE_URL ""
| #define PACKAGE "pavucontrol"
| #define VERSION "1.0"
| #define RETSIGTYPE void
| /* end confdefs.h.  */
| #include <ac_nonexistent.h>
configure:4391: checking for grep that handles long lines and -e
configure:4449: result: /bin/grep
configure:4454: checking for egrep
configure:4516: result: /bin/grep -E
configure:4521: checking for ANSI C header files
configure:4541: gcc -c -g -O2  conftest.c >&5
configure:4541: $? = 0
configure:4614: gcc -o conftest -g -O2   conftest.c  >&5
configure:4614: $? = 0
configure:4614: ./conftest
configure:4614: $? = 0
configure:4625: result: yes
configure:4711: checking for pkg-config
configure:4729: found /usr/bin/pkg-config
configure:4741: result: /usr/bin/pkg-config
configure:4766: checking pkg-config is at least version 0.9.0
configure:4769: result: yes
configure:4779: checking for GUILIBS
configure:4786: $PKG_CONFIG --exists --print-errors " gtkmm-$gtkmm_ver >= $gtkmm_min_ver sigc++-2.0 libcanberra-gtk$canberra_ver >= 0.16 "
configure:4789: $? = 0
configure:4803: $PKG_CONFIG --exists --print-errors " gtkmm-$gtkmm_ver >= $gtkmm_min_ver sigc++-2.0 libcanberra-gtk$canberra_ver >= 0.16 "
configure:4806: $? = 0
configure:4864: result: yes
configure:4878: checking for PULSE
configure:4885: $PKG_CONFIG --exists --print-errors " libpulse >= 0.9.16 libpulse-mainloop-glib >= 0.9.16 "
configure:4888: $? = 0
configure:4902: $PKG_CONFIG --exists --print-errors " libpulse >= 0.9.16 libpulse-mainloop-glib >= 0.9.16 "
configure:4905: $? = 0
configure:4963: result: yes
configure:4991: checking for lynx
configure:5019: result: no
configure:5029: WARNING: *** lynx not found, plain text README will not be built ***
configure:5050: checking whether NLS is requested
configure:5059: result: yes
configure:5074: checking for intltool >= 0.35.0
configure:5081: result: 0.50.2 found
configure:5089: checking for intltool-update
configure:5107: found /usr/bin/intltool-update
configure:5119: result: /usr/bin/intltool-update
configure:5129: checking for intltool-merge
configure:5147: found /usr/bin/intltool-merge
configure:5159: result: /usr/bin/intltool-merge
configure:5169: checking for intltool-extract
configure:5187: found /usr/bin/intltool-extract
configure:5199: result: /usr/bin/intltool-extract
configure:5330: checking for xgettext
configure:5348: found /usr/bin/xgettext
configure:5360: result: /usr/bin/xgettext
configure:5370: checking for msgmerge
configure:5388: found /usr/bin/msgmerge
configure:5400: result: /usr/bin/msgmerge
configure:5410: checking for msgfmt
configure:5428: found /usr/bin/msgfmt
configure:5440: result: /usr/bin/msgfmt
configure:5450: checking for gmsgfmt
configure:5481: result: /usr/bin/msgfmt
configure:5501: checking for perl
configure:5519: found /usr/bin/perl
configure:5531: result: /usr/bin/perl
configure:5542: checking for perl >= 5.8.1
configure:5549: result: 5.14.2
configure:5553: checking for XML::Parser
configure:5556: result: ok
configure:5581: gcc -o conftest -g -O2 -pipe -Wall -W -Wno-unused-parameter   conftest.c  >&5
configure:5581: $? = 0
configure:5619: checking for sys/types.h
configure:5619: gcc -c -g -O2 -pipe -Wall -W -Wno-unused-parameter  conftest.c >&5
configure:5619: $? = 0
configure:5619: result: yes
configure:5619: checking for sys/stat.h
configure:5619: gcc -c -g -O2 -pipe -Wall -W -Wno-unused-parameter  conftest.c >&5
configure:5619: $? = 0
configure:5619: result: yes
configure:5619: checking for stdlib.h
configure:5619: gcc -c -g -O2 -pipe -Wall -W -Wno-unused-parameter  conftest.c >&5
configure:5619: $? = 0
configure:5619: result: yes
configure:5619: checking for string.h
configure:5619: gcc -c -g -O2 -pipe -Wall -W -Wno-unused-parameter  conftest.c >&5
configure:5619: $? = 0
configure:5619: result: yes
configure:5619: checking for memory.h
configure:5619: gcc -c -g -O2 -pipe -Wall -W -Wno-unused-parameter  conftest.c >&5
configure:5619: $? = 0
configure:5619: result: yes
configure:5619: checking for strings.h
configure:5619: gcc -c -g -O2 -pipe -Wall -W -Wno-unused-parameter  conftest.c >&5
configure:5619: $? = 0
configure:5619: result: yes
configure:5619: checking for inttypes.h
configure:5619: gcc -c -g -O2 -pipe -Wall -W -Wno-unused-parameter  conftest.c >&5
configure:5619: $? = 0
configure:5619: result: yes
configure:5619: checking for stdint.h
configure:5619: gcc -c -g -O2 -pipe -Wall -W -Wno-unused-parameter  conftest.c >&5
configure:5619: $? = 0
configure:5619: result: yes
configure:5619: checking for unistd.h
configure:5619: gcc -c -g -O2 -pipe -Wall -W -Wno-unused-parameter  conftest.c >&5
configure:5619: $? = 0
configure:5619: result: yes
configure:5634: checking locale.h usability
configure:5634: gcc -c -g -O2 -pipe -Wall -W -Wno-unused-parameter  conftest.c >&5
configure:5634: $? = 0
configure:5634: result: yes
configure:5634: checking locale.h presence
configure:5634: gcc -E  conftest.c
configure:5634: $? = 0
configure:5634: result: yes
configure:5634: checking for locale.h
configure:5634: result: yes
configure:5645: checking for LC_MESSAGES
configure:5661: gcc -o conftest -g -O2 -pipe -Wall -W -Wno-unused-parameter   conftest.c  >&5
configure:5661: $? = 0
configure:5669: result: yes
configure:5686: checking libintl.h usability
configure:5686: gcc -c -g -O2 -pipe -Wall -W -Wno-unused-parameter  conftest.c >&5
configure:5686: $? = 0
configure:5686: result: yes
configure:5686: checking libintl.h presence
configure:5686: gcc -E  conftest.c
configure:5686: $? = 0
configure:5686: result: yes
configure:5686: checking for libintl.h
configure:5686: result: yes
configure:5694: checking for ngettext in libc
configure:5712: gcc -o conftest -g -O2 -pipe -Wall -W -Wno-unused-parameter   conftest.c  >&5
configure:5712: $? = 0
configure:5721: result: yes
configure:5725: checking for dgettext in libc
configure:5743: gcc -o conftest -g -O2 -pipe -Wall -W -Wno-unused-parameter   conftest.c  >&5
configure:5743: $? = 0
configure:5752: result: yes
configure:5759: checking for bind_textdomain_codeset
configure:5759: gcc -o conftest -g -O2 -pipe -Wall -W -Wno-unused-parameter   conftest.c  >&5
configure:5759: $? = 0
configure:5759: result: yes
configure:6035: checking for msgfmt
configure:6062: result: /usr/bin/msgfmt
configure:6073: checking for dcgettext
configure:6073: gcc -o conftest -g -O2 -pipe -Wall -W -Wno-unused-parameter   conftest.c   >&5
conftest.c:51:6: warning: conflicting types for built-in function 'dcgettext' [enabled by default]
configure:6073: $? = 0
configure:6073: result: yes
configure:6083: checking if msgfmt accepts -c
configure:6098: $MSGFMT -c -o /dev/null conftest.foo
configure:6101: $? = 0
configure:6103: result: yes
configure:6113: checking for gmsgfmt
configure:6144: result: /usr/bin/msgfmt
configure:6154: checking for xgettext
configure:6181: result: /usr/bin/xgettext
configure:6200: gcc -o conftest -g -O2 -pipe -Wall -W -Wno-unused-parameter   conftest.c   >&5
configure:6200: $? = 0
configure:6481: creating ./config.status

## ---------------------- ##
## Running config.status. ##
## ---------------------- ##

This file was extended by pavucontrol config.status 1.0, which was
generated by GNU Autoconf 2.68.  Invocation command line was

  CONFIG_FILES    = 
  CONFIG_HEADERS  = 
  CONFIG_LINKS    = 
  CONFIG_COMMANDS = 
  $ ./config.status 

on karan-HP-Pavilion-dm4-Notebook-PC

config.status:958: creating po/Makefile.in
config.status:958: creating Makefile
config.status:958: creating src/Makefile
config.status:958: creating doc/Makefile
config.status:958: creating doc/README.html
config.status:958: creating config.h
config.status:1139: config.h is unchanged
config.status:1187: executing depfiles commands
config.status:1187: executing default-1 commands
config.status:1187: executing po/stamp-it commands

## ---------------- ##
## Cache variables. ##
## ---------------- ##

ac_cv_c_compiler_gnu=yes
ac_cv_cxx_compiler_gnu=yes
ac_cv_env_CCC_set=
ac_cv_env_CCC_value=
ac_cv_env_CC_set=
ac_cv_env_CC_value=
ac_cv_env_CFLAGS_set=
ac_cv_env_CFLAGS_value=
ac_cv_env_CPPFLAGS_set=
ac_cv_env_CPPFLAGS_value=
ac_cv_env_CPP_set=
ac_cv_env_CPP_value=
ac_cv_env_CXXFLAGS_set=
ac_cv_env_CXXFLAGS_value=
ac_cv_env_CXX_set=
ac_cv_env_CXX_value=
ac_cv_env_GUILIBS_CFLAGS_set=
ac_cv_env_GUILIBS_CFLAGS_value=
ac_cv_env_GUILIBS_LIBS_set=
ac_cv_env_GUILIBS_LIBS_value=
ac_cv_env_LDFLAGS_set=
ac_cv_env_LDFLAGS_value=
ac_cv_env_LIBS_set=
ac_cv_env_LIBS_value=
ac_cv_env_PKG_CONFIG_LIBDIR_set=
ac_cv_env_PKG_CONFIG_LIBDIR_value=
ac_cv_env_PKG_CONFIG_PATH_set=
ac_cv_env_PKG_CONFIG_PATH_value=
ac_cv_env_PKG_CONFIG_set=
ac_cv_env_PKG_CONFIG_value=
ac_cv_env_PULSE_CFLAGS_set=
ac_cv_env_PULSE_CFLAGS_value=
ac_cv_env_PULSE_LIBS_set=
ac_cv_env_PULSE_LIBS_value=
ac_cv_env_build_alias_set=
ac_cv_env_build_alias_value=
ac_cv_env_host_alias_set=
ac_cv_env_host_alias_value=
ac_cv_env_target_alias_set=
ac_cv_env_target_alias_value=
ac_cv_func_bind_textdomain_codeset=yes
ac_cv_func_dcgettext=yes
ac_cv_header_inttypes_h=yes
ac_cv_header_libintl_h=yes
ac_cv_header_locale_h=yes
ac_cv_header_memory_h=yes
ac_cv_header_stdc=yes
ac_cv_header_stdint_h=yes
ac_cv_header_stdlib_h=yes
ac_cv_header_string_h=yes
ac_cv_header_strings_h=yes
ac_cv_header_sys_stat_h=yes
ac_cv_header_sys_types_h=yes
ac_cv_header_unistd_h=yes
ac_cv_objext=o
ac_cv_path_EGREP='/bin/grep -E'
ac_cv_path_GMSGFMT=/usr/bin/msgfmt
ac_cv_path_GREP=/bin/grep
ac_cv_path_INTLTOOL_EXTRACT=/usr/bin/intltool-extract
ac_cv_path_INTLTOOL_MERGE=/usr/bin/intltool-merge
ac_cv_path_INTLTOOL_PERL=/usr/bin/perl
ac_cv_path_INTLTOOL_UPDATE=/usr/bin/intltool-update
ac_cv_path_MSGFMT=/usr/bin/msgfmt
ac_cv_path_MSGMERGE=/usr/bin/msgmerge
ac_cv_path_XGETTEXT=/usr/bin/xgettext
ac_cv_path_ac_pt_PKG_CONFIG=/usr/bin/pkg-config
ac_cv_path_install='/usr/bin/install -c'
ac_cv_path_mkdir=/bin/mkdir
ac_cv_prog_AWK=gawk
ac_cv_prog_CPP='gcc -E'
ac_cv_prog_ac_ct_CC=gcc
ac_cv_prog_ac_ct_CXX=g++
ac_cv_prog_cc_c89=
ac_cv_prog_cc_g=yes
ac_cv_prog_cxx_g=yes
ac_cv_prog_have_lynx=no
ac_cv_prog_make_make_set=yes
ac_cv_type_signal=void
am_cv_CC_dependencies_compiler_type=gcc3
am_cv_CXX_dependencies_compiler_type=gcc3
am_cv_prog_tar_ustar=gnutar
am_cv_val_LC_MESSAGES=yes
gt_cv_func_dgettext_libc=yes
gt_cv_func_dgettext_libintl=no
gt_cv_func_ngettext_libc=yes
gt_cv_have_gettext=yes
pkg_cv_GUILIBS_CFLAGS='-pthread -D_REENTRANT -I/usr/include/gtkmm-3.0 -I/usr/lib/x86_64-linux-gnu/gtkmm-3.0/include -I/usr/include/atkmm-1.6 -I/usr/include/giomm-2.4 -I/usr/lib/x86_64-linux-gnu/giomm-2.4/include -I/usr/include/pangomm-1.4 -I/usr/lib/x86_64-linux-gnu/pangomm-1.4/include -I/usr/include/gtk-3.0 -I/usr/include/cairomm-1.0 -I/usr/lib/x86_64-linux-gnu/cairomm-1.0/include -I/usr/include/gdk-pixbuf-2.0 -I/usr/include/gtk-3.0/unix-print -I/usr/include/gdkmm-3.0 -I/usr/lib/x86_64-linux-gnu/gdkmm-3.0/include -I/usr/include/atk-1.0 -I/usr/include/glibmm-2.4 -I/usr/lib/x86_64-linux-gnu/glibmm-2.4/include -I/usr/include/glib-2.0 -I/usr/lib/x86_64-linux-gnu/glib-2.0/include -I/usr/include/sigc++-2.0 -I/usr/lib/x86_64-linux-gnu/sigc++-2.0/include -I/usr/include/pango-1.0 -I/usr/include/cairo -I/usr/include/pixman-1 -I/usr/include/freetype2 -I/usr/include/libpng12 -I/usr/include/at-spi2-atk/2.0 -I/usr/include/gio-unix-2.0/  '
pkg_cv_GUILIBS_LIBS='-lgtkmm-3.0 -latkmm-1.6 -lgdkmm-3.0 -lgiomm-2.4 -lpangomm-1.4 -lglibmm-2.4 -lcairomm-1.0 -lsigc-2.0 -lcanberra-gtk3 -lX11 -lcanberra -lgtk-3 -lgdk-3 -latk-1.0 -lgio-2.0 -lpangocairo-1.0 -lgdk_pixbuf-2.0 -lcairo-gobject -lpango-1.0 -lcairo -lgobject-2.0 -lglib-2.0  '
pkg_cv_PULSE_CFLAGS='-D_REENTRANT -I/usr/include/glib-2.0 -I/usr/lib/x86_64-linux-gnu/glib-2.0/include  '
pkg_cv_PULSE_LIBS='-lpulse-mainloop-glib -lpulse -lglib-2.0  '

## ----------------- ##
## Output variables. ##
## ----------------- ##

ACLOCAL='${SHELL} /home/karan/Downloads/pavucontrol-1.0/missing --run aclocal-1.11'
ALL_LINGUAS=''
AMDEPBACKSLASH='\'
AMDEP_FALSE='#'
AMDEP_TRUE=''
AMTAR='${SHELL} /home/karan/Downloads/pavucontrol-1.0/missing --run tar'
AUTOCONF='${SHELL} /home/karan/Downloads/pavucontrol-1.0/missing --run autoconf'
AUTOHEADER='${SHELL} /home/karan/Downloads/pavucontrol-1.0/missing --run autoheader'
AUTOMAKE='${SHELL} /home/karan/Downloads/pavucontrol-1.0/missing --run automake-1.11'
AWK='gawk'
CATALOGS=''
CATOBJEXT='.gmo'
CC='gcc'
CCDEPMODE='depmode=gcc3'
CFLAGS='-g -O2 -pipe -Wall -W -Wno-unused-parameter'
CPP='gcc -E'
CPPFLAGS=''
CXX='g++'
CXXDEPMODE='depmode=gcc3'
CXXFLAGS='-g -O2 -pipe -Wall -W'
CYGPATH_W='echo'
DATADIRNAME='share'
DEFS='-DHAVE_CONFIG_H'
DEPDIR='.deps'
ECHO_C=''
ECHO_N='-n'
ECHO_T=''
EGREP='/bin/grep -E'
EXEEXT=''
GETTEXT_PACKAGE='pavucontrol'
GMOFILES=''
GMSGFMT='/usr/bin/msgfmt'
GREP='/bin/grep'
GUILIBS_CFLAGS='-pthread -D_REENTRANT -I/usr/include/gtkmm-3.0 -I/usr/lib/x86_64-linux-gnu/gtkmm-3.0/include -I/usr/include/atkmm-1.6 -I/usr/include/giomm-2.4 -I/usr/lib/x86_64-linux-gnu/giomm-2.4/include -I/usr/include/pangomm-1.4 -I/usr/lib/x86_64-linux-gnu/pangomm-1.4/include -I/usr/include/gtk-3.0 -I/usr/include/cairomm-1.0 -I/usr/lib/x86_64-linux-gnu/cairomm-1.0/include -I/usr/include/gdk-pixbuf-2.0 -I/usr/include/gtk-3.0/unix-print -I/usr/include/gdkmm-3.0 -I/usr/lib/x86_64-linux-gnu/gdkmm-3.0/include -I/usr/include/atk-1.0 -I/usr/include/glibmm-2.4 -I/usr/lib/x86_64-linux-gnu/glibmm-2.4/include -I/usr/include/glib-2.0 -I/usr/lib/x86_64-linux-gnu/glib-2.0/include -I/usr/include/sigc++-2.0 -I/usr/lib/x86_64-linux-gnu/sigc++-2.0/include -I/usr/include/pango-1.0 -I/usr/include/cairo -I/usr/include/pixman-1 -I/usr/include/freetype2 -I/usr/include/libpng12 -I/usr/include/at-spi2-atk/2.0 -I/usr/include/gio-unix-2.0/  '
GUILIBS_LIBS='-lgtkmm-3.0 -latkmm-1.6 -lgdkmm-3.0 -lgiomm-2.4 -lpangomm-1.4 -lglibmm-2.4 -lcairomm-1.0 -lsigc-2.0 -lcanberra-gtk3 -lX11 -lcanberra -lgtk-3 -lgdk-3 -latk-1.0 -lgio-2.0 -lpangocairo-1.0 -lgdk_pixbuf-2.0 -lcairo-gobject -lpango-1.0 -lcairo -lgobject-2.0 -lglib-2.0  '
INSTALL_DATA='${INSTALL} -m 644'
INSTALL_PROGRAM='${INSTALL}'
INSTALL_SCRIPT='${INSTALL}'
INSTALL_STRIP_PROGRAM='$(install_sh) -c -s'
INSTOBJEXT='.mo'
INTLLIBS=''
INTLTOOL_CAVES_RULE='%.caves:     %.caves.in     $(INTLTOOL_MERGE) $(wildcard $(top_srcdir)/po/*.po) ; LC_ALL=C $(INTLTOOL_MERGE) -d -u -c $(top_builddir)/po/.intltool-merge-cache $(top_srcdir)/po $< $@'
INTLTOOL_DESKTOP_RULE='%.desktop:   %.desktop.in   $(INTLTOOL_MERGE) $(wildcard $(top_srcdir)/po/*.po) ; LC_ALL=C $(INTLTOOL_MERGE) -d -u -c $(top_builddir)/po/.intltool-merge-cache $(top_srcdir)/po $< $@'
INTLTOOL_DIRECTORY_RULE='%.directory: %.directory.in $(INTLTOOL_MERGE) $(wildcard $(top_srcdir)/po/*.po) ; LC_ALL=C $(INTLTOOL_MERGE) -d -u -c $(top_builddir)/po/.intltool-merge-cache $(top_srcdir)/po $< $@'
INTLTOOL_EXTRACT='/usr/bin/intltool-extract'
INTLTOOL_KBD_RULE='%.kbd:       %.kbd.in       $(INTLTOOL_MERGE) $(wildcard $(top_srcdir)/po/*.po) ; LC_ALL=C $(INTLTOOL_MERGE) -x -u -m -c $(top_builddir)/po/.intltool-merge-cache $(top_srcdir)/po $< $@'
INTLTOOL_KEYS_RULE='%.keys:      %.keys.in      $(INTLTOOL_MERGE) $(wildcard $(top_srcdir)/po/*.po) ; LC_ALL=C $(INTLTOOL_MERGE) -k -u -c $(top_builddir)/po/.intltool-merge-cache $(top_srcdir)/po $< $@'
INTLTOOL_MERGE='/usr/bin/intltool-merge'
INTLTOOL_OAF_RULE='%.oaf:       %.oaf.in       $(INTLTOOL_MERGE) $(wildcard $(top_srcdir)/po/*.po) ; LC_ALL=C $(INTLTOOL_MERGE) -o -p $(top_srcdir)/po $< $@'
INTLTOOL_PERL='/usr/bin/perl'
INTLTOOL_POLICY_RULE='%.policy:    %.policy.in    $(INTLTOOL_MERGE) $(wildcard $(top_srcdir)/po/*.po) ; LC_ALL=C $(INTLTOOL_MERGE) -x -u -c $(top_builddir)/po/.intltool-merge-cache $(top_srcdir)/po $< $@'
INTLTOOL_PONG_RULE='%.pong:      %.pong.in      $(INTLTOOL_MERGE) $(wildcard $(top_srcdir)/po/*.po) ; LC_ALL=C $(INTLTOOL_MERGE) -x -u -c $(top_builddir)/po/.intltool-merge-cache $(top_srcdir)/po $< $@'
INTLTOOL_PROP_RULE='%.prop:      %.prop.in      $(INTLTOOL_MERGE) $(wildcard $(top_srcdir)/po/*.po) ; LC_ALL=C $(INTLTOOL_MERGE) -d -u -c $(top_builddir)/po/.intltool-merge-cache $(top_srcdir)/po $< $@'
INTLTOOL_SCHEMAS_RULE='%.schemas:   %.schemas.in   $(INTLTOOL_MERGE) $(wildcard $(top_srcdir)/po/*.po) ; LC_ALL=C $(INTLTOOL_MERGE) -s -u -c $(top_builddir)/po/.intltool-merge-cache $(top_srcdir)/po $< $@'
INTLTOOL_SERVER_RULE='%.server:    %.server.in    $(INTLTOOL_MERGE) $(wildcard $(top_srcdir)/po/*.po) ; LC_ALL=C $(INTLTOOL_MERGE) -o -u -c $(top_builddir)/po/.intltool-merge-cache $(top_srcdir)/po $< $@'
INTLTOOL_SERVICE_RULE='%.service: %.service.in   $(INTLTOOL_MERGE) $(wildcard $(top_srcdir)/po/*.po) ; LC_ALL=C $(INTLTOOL_MERGE) -d -u -c $(top_builddir)/po/.intltool-merge-cache $(top_srcdir)/po $< $@'
INTLTOOL_SHEET_RULE='%.sheet:     %.sheet.in     $(INTLTOOL_MERGE) $(wildcard $(top_srcdir)/po/*.po) ; LC_ALL=C $(INTLTOOL_MERGE) -x -u -c $(top_builddir)/po/.intltool-merge-cache $(top_srcdir)/po $< $@'
INTLTOOL_SOUNDLIST_RULE='%.soundlist: %.soundlist.in $(INTLTOOL_MERGE) $(wildcard $(top_srcdir)/po/*.po) ; LC_ALL=C $(INTLTOOL_MERGE) -d -u -c $(top_builddir)/po/.intltool-merge-cache $(top_srcdir)/po $< $@'
INTLTOOL_THEME_RULE='%.theme:     %.theme.in     $(INTLTOOL_MERGE) $(wildcard $(top_srcdir)/po/*.po) ; LC_ALL=C $(INTLTOOL_MERGE) -d -u -c $(top_builddir)/po/.intltool-merge-cache $(top_srcdir)/po $< $@'
INTLTOOL_UI_RULE='%.ui:        %.ui.in        $(INTLTOOL_MERGE) $(wildcard $(top_srcdir)/po/*.po) ; LC_ALL=C $(INTLTOOL_MERGE) -x -u -c $(top_builddir)/po/.intltool-merge-cache $(top_srcdir)/po $< $@'
INTLTOOL_UPDATE='/usr/bin/intltool-update'
INTLTOOL_XAM_RULE='%.xam:       %.xml.in       $(INTLTOOL_MERGE) $(wildcard $(top_srcdir)/po/*.po) ; LC_ALL=C $(INTLTOOL_MERGE) -x -u -c $(top_builddir)/po/.intltool-merge-cache $(top_srcdir)/po $< $@'
INTLTOOL_XML_NOMERGE_RULE='%.xml:       %.xml.in       $(INTLTOOL_MERGE) ; LC_ALL=C $(INTLTOOL_MERGE) -x -u /tmp $< $@'
INTLTOOL_XML_RULE='%.xml:       %.xml.in       $(INTLTOOL_MERGE) $(wildcard $(top_srcdir)/po/*.po) ; LC_ALL=C $(INTLTOOL_MERGE) -x -u -c $(top_builddir)/po/.intltool-merge-cache $(top_srcdir)/po $< $@'
LDFLAGS=''
LIBOBJS=''
LIBS=''
LN_S='ln -s'
LTLIBOBJS=''
MAKEINFO='${SHELL} /home/karan/Downloads/pavucontrol-1.0/missing --run makeinfo'
MKDIR_P='/bin/mkdir -p'
MKINSTALLDIRS='./mkinstalldirs'
MSGFMT='/usr/bin/msgfmt'
MSGFMT_OPTS='-c'
MSGMERGE='/usr/bin/msgmerge'
OBJEXT='o'
PACKAGE='pavucontrol'
PACKAGE_BUGREPORT='mzcnihpbageby (at) 0pointer (dot) de'
PACKAGE_NAME='pavucontrol'
PACKAGE_STRING='pavucontrol 1.0'
PACKAGE_TARNAME='pavucontrol'
PACKAGE_URL='http://freedesktop.org/software/pulseaudio/pavucontrol/'
PACKAGE_VERSION='1.0'
PATH_SEPARATOR=':'
PKG_CONFIG='/usr/bin/pkg-config'
PKG_CONFIG_LIBDIR=''
PKG_CONFIG_PATH=''
POFILES=''
POSUB='po'
PO_IN_DATADIR_FALSE=''
PO_IN_DATADIR_TRUE=''
PULSE_CFLAGS='-D_REENTRANT -I/usr/include/glib-2.0 -I/usr/lib/x86_64-linux-gnu/glib-2.0/include  '
PULSE_LIBS='-lpulse-mainloop-glib -lpulse -lglib-2.0  '
SET_MAKE=''
SHELL='/bin/bash'
STRIP=''
USE_LYNX_FALSE=''
USE_LYNX_TRUE='#'
USE_NLS='yes'
VERSION='1.0'
XGETTEXT='/usr/bin/xgettext'
ac_ct_CC='gcc'
ac_ct_CXX='g++'
am__EXEEXT_FALSE=''
am__EXEEXT_TRUE='#'
am__fastdepCC_FALSE='#'
am__fastdepCC_TRUE=''
am__fastdepCXX_FALSE='#'
am__fastdepCXX_TRUE=''
am__include='include'
am__isrc=''
am__leading_dot='.'
am__quote=''
am__tar='tar --format=ustar -chf - "$$tardir"'
am__untar='tar -xf -'
bindir='${exec_prefix}/bin'
build_alias=''
datadir='${datarootdir}'
datarootdir='${prefix}/share'
docdir='${datarootdir}/doc/${PACKAGE_TARNAME}'
dvidir='${docdir}'
exec_prefix='${prefix}'
have_lynx='no'
host_alias=''
htmldir='${docdir}'
includedir='${prefix}/include'
infodir='${datarootdir}/info'
install_sh='${SHELL} /home/karan/Downloads/pavucontrol-1.0/install-sh'
libdir='${exec_prefix}/lib'
libexecdir='${exec_prefix}/libexec'
localedir='${datarootdir}/locale'
localstatedir='${prefix}/var'
mandir='${datarootdir}/man'
mkdir_p='/bin/mkdir -p'
oldincludedir='/usr/include'
pdfdir='${docdir}'
prefix='/usr/local'
program_transform_name='s,x,x,'
psdir='${docdir}'
sbindir='${exec_prefix}/sbin'
sharedstatedir='${prefix}/com'
sysconfdir='${prefix}/etc'
target_alias=''

## ----------- ##
## confdefs.h. ##
## ----------- ##

/* confdefs.h */
#define PACKAGE_NAME "pavucontrol"
#define PACKAGE_TARNAME "pavucontrol"
#define PACKAGE_VERSION "1.0"
#define PACKAGE_STRING "pavucontrol 1.0"
#define PACKAGE_BUGREPORT "mzcnihpbageby (at) 0pointer (dot) de"
#define PACKAGE_URL ""
#define PACKAGE "pavucontrol"
#define VERSION "1.0"
#define RETSIGTYPE void
#define STDC_HEADERS 1
#define HAVE_GTK3 1
#define GETTEXT_PACKAGE "pavucontrol"
#define HAVE_SYS_TYPES_H 1
#define HAVE_SYS_STAT_H 1
#define HAVE_STDLIB_H 1
#define HAVE_STRING_H 1
#define HAVE_MEMORY_H 1
#define HAVE_STRINGS_H 1
#define HAVE_INTTYPES_H 1
#define HAVE_STDINT_H 1
#define HAVE_UNISTD_H 1
#define HAVE_LOCALE_H 1
#define HAVE_LC_MESSAGES 1
#define HAVE_BIND_TEXTDOMAIN_CODESET 1
#define HAVE_GETTEXT 1
#define HAVE_DCGETTEXT 1
#define ENABLE_NLS 1

configure: exit 0
